# JRE version: Java(TM) SE Runtime Environment (7.0_51-b13) (build 1.7.0_51-b13)
# Java VM: Java HotSpot(TM) 64-Bit Server VM (24.51-b03 mixed mode windows-amd64 compressed oops)
Heap
 PSYoungGen      total 166400K, used 165600K [0x00000000e0100000, 0x00000000fb180000, 0x0000000100000000)
  eden space 165376K, 100% used [0x00000000e0100000,0x00000000ea280000,0x00000000ea280000)
  from space 1024K, 21% used [0x00000000faf80000,0x00000000fafb8000,0x00000000fb080000)
  to   space 1024K, 100% used [0x00000000fb080000,0x00000000fb180000,0x00000000fb180000)
 ParOldGen       total 70144K, used 70142K [0x00000000a0400000, 0x00000000a4880000, 0x00000000e0100000)
  object space 70144K, 99% used [0x00000000a0400000,0x00000000a487f940,0x00000000a4880000)
 PSPermGen       total 21504K, used 9657K [0x000000009b200000, 0x000000009c700000, 0x00000000a0400000)
  object space 21504K, 44% used [0x000000009b200000,0x000000009bb6e580,0x000000009c700000)
GC Heap History (10 events):
Event: 209.678 GC heap after
Heap after GC invocations=349 (full 0):
 PSYoungGen      total 198144K, used 288K [0x00000000e0100000, 0x00000000fb280000, 0x0000000100000000)
  eden space 197120K, 0% used [0x00000000e0100000,0x00000000e0100000,0x00000000ec180000)
  from space 1024K, 28% used [0x00000000fb080000,0x00000000fb0c8000,0x00000000fb180000)
  to   space 1024K, 0% used [0x00000000fb180000,0x00000000fb180000,0x00000000fb280000)
 ParOldGen       total 65024K, used 44502K [0x00000000a0400000, 0x00000000a4380000, 0x00000000e0100000)
  object space 65024K, 68% used [0x00000000a0400000,0x00000000a2f75920,0x00000000a4380000)
 PSPermGen       total 21504K, used 9613K [0x000000009b200000, 0x000000009c700000, 0x00000000a0400000)
  object space 21504K, 44% used [0x000000009b200000,0x000000009bb63440,0x000000009c700000)
}
Event: 210.378 GC heap before
{Heap before GC invocations=350 (full 0):
 PSYoungGen      total 198144K, used 197408K [0x00000000e0100000, 0x00000000fb280000, 0x0000000100000000)
  eden space 197120K, 100% used [0x00000000e0100000,0x00000000ec180000,0x00000000ec180000)
  from space 1024K, 28% used [0x00000000fb080000,0x00000000fb0c8000,0x00000000fb180000)
  to   space 1024K, 0% used [0x00000000fb180000,0x00000000fb180000,0x00000000fb280000)
 ParOldGen       total 65024K, used 44502K [0x00000000a0400000, 0x00000000a4380000, 0x00000000e0100000)
  object space 65024K, 68% used [0x00000000a0400000,0x00000000a2f75920,0x00000000a4380000)
 PSPermGen       total 21504K, used 9613K [0x000000009b200000, 0x000000009c700000, 0x00000000a0400000)
  object space 21504K, 44% used [0x000000009b200000,0x000000009bb63440,0x000000009c700000)
Event: 210.389 GC heap after
Heap after GC invocations=350 (full 0):
 PSYoungGen      total 188928K, used 288K [0x00000000e0100000, 0x00000000fb200000, 0x0000000100000000)
  eden space 188416K, 0% used [0x00000000e0100000,0x00000000e0100000,0x00000000eb900000)
  from space 512K, 56% used [0x00000000fb180000,0x00000000fb1c8000,0x00000000fb200000)
  to   space 1024K, 0% used [0x00000000fb000000,0x00000000fb000000,0x00000000fb100000)
 ParOldGen       total 65024K, used 44742K [0x00000000a0400000, 0x00000000a4380000, 0x00000000e0100000)
  object space 65024K, 68% used [0x00000000a0400000,0x00000000a2fb1920,0x00000000a4380000)
 PSPermGen       total 21504K, used 9613K [0x000000009b200000, 0x000000009c700000, 0x00000000a0400000)
  object space 21504K, 44% used [0x000000009b200000,0x000000009bb63440,0x000000009c700000)
}
Event: 211.059 GC heap before
{Heap before GC invocations=351 (full 0):
 PSYoungGen      total 188928K, used 188704K [0x00000000e0100000, 0x00000000fb200000, 0x0000000100000000)
  eden space 188416K, 100% used [0x00000000e0100000,0x00000000eb900000,0x00000000eb900000)
  from space 512K, 56% used [0x00000000fb180000,0x00000000fb1c8000,0x00000000fb200000)
  to   space 1024K, 0% used [0x00000000fb000000,0x00000000fb000000,0x00000000fb100000)
 ParOldGen       total 65024K, used 44742K [0x00000000a0400000, 0x00000000a4380000, 0x00000000e0100000)
  object space 65024K, 68% used [0x00000000a0400000,0x00000000a2fb1920,0x00000000a4380000)
 PSPermGen       total 21504K, used 9613K [0x000000009b200000, 0x000000009c700000, 0x00000000a0400000)
  object space 21504K, 44% used [0x000000009b200000,0x000000009bb63440,0x000000009c700000)
Event: 211.064 GC heap after
Heap after GC invocations=351 (full 0):
 PSYoungGen      total 181248K, used 288K [0x00000000e0100000, 0x00000000fb200000, 0x0000000100000000)
  eden space 180224K, 0% used [0x00000000e0100000,0x00000000e0100000,0x00000000eb100000)
  from space 1024K, 28% used [0x00000000fb000000,0x00000000fb048000,0x00000000fb100000)
  to   space 1024K, 0% used [0x00000000fb100000,0x00000000fb100000,0x00000000fb200000)
 ParOldGen       total 65024K, used 44918K [0x00000000a0400000, 0x00000000a4380000, 0x00000000e0100000)
  object space 65024K, 69% used [0x00000000a0400000,0x00000000a2fdd920,0x00000000a4380000)
 PSPermGen       total 21504K, used 9613K [0x000000009b200000, 0x000000009c700000, 0x00000000a0400000)
  object space 21504K, 44% used [0x000000009b200000,0x000000009bb63440,0x000000009c700000)
}
Event: 211.686 GC heap before
{Heap before GC invocations=352 (full 0):
 PSYoungGen      total 181248K, used 180512K [0x00000000e0100000, 0x00000000fb200000, 0x0000000100000000)
  eden space 180224K, 100% used [0x00000000e0100000,0x00000000eb100000,0x00000000eb100000)
  from space 1024K, 28% used [0x00000000fb000000,0x00000000fb048000,0x00000000fb100000)
  to   space 1024K, 0% used [0x00000000fb100000,0x00000000fb100000,0x00000000fb200000)
 ParOldGen       total 65024K, used 44918K [0x00000000a0400000, 0x00000000a4380000, 0x00000000e0100000)
  object space 65024K, 69% used [0x00000000a0400000,0x00000000a2fdd920,0x00000000a4380000)
 PSPermGen       total 21504K, used 9613K [0x000000009b200000, 0x000000009c700000, 0x00000000a0400000)
  object space 21504K, 44% used [0x000000009b200000,0x000000009bb63440,0x000000009c700000)
Event: 211.691 GC heap after
Heap after GC invocations=352 (full 0):
 PSYoungGen      total 173056K, used 288K [0x00000000e0100000, 0x00000000fb180000, 0x0000000100000000)
  eden space 172544K, 0% used [0x00000000e0100000,0x00000000e0100000,0x00000000ea980000)
  from space 512K, 56% used [0x00000000fb100000,0x00000000fb148000,0x00000000fb180000)
  to   space 1024K, 0% used [0x00000000faf80000,0x00000000faf80000,0x00000000fb080000)
 ParOldGen       total 65024K, used 45150K [0x00000000a0400000, 0x00000000a4380000, 0x00000000e0100000)
  object space 65024K, 69% used [0x00000000a0400000,0x00000000a3017920,0x00000000a4380000)
 PSPermGen       total 21504K, used 9613K [0x000000009b200000, 0x000000009c700000, 0x00000000a0400000)
  object space 21504K, 44% used [0x000000009b200000,0x000000009bb63440,0x000000009c700000)
}
Event: 212.291 GC heap before
{Heap before GC invocations=353 (full 0):
 PSYoungGen      total 173056K, used 172832K [0x00000000e0100000, 0x00000000fb180000, 0x0000000100000000)
  eden space 172544K, 100% used [0x00000000e0100000,0x00000000ea980000,0x00000000ea980000)
  from space 512K, 56% used [0x00000000fb100000,0x00000000fb148000,0x00000000fb180000)
  to   space 1024K, 0% used [0x00000000faf80000,0x00000000faf80000,0x00000000fb080000)
 ParOldGen       total 65024K, used 45150K [0x00000000a0400000, 0x00000000a4380000, 0x00000000e0100000)
  object space 65024K, 69% used [0x00000000a0400000,0x00000000a3017920,0x00000000a4380000)
 PSPermGen       total 21504K, used 9613K [0x000000009b200000, 0x000000009c700000, 0x00000000a0400000)
  object space 21504K, 44% used [0x000000009b200000,0x000000009bb63440,0x000000009c700000)
Event: 212.299 GC heap after
Heap after GC invocations=353 (full 0):
 PSYoungGen      total 166400K, used 224K [0x00000000e0100000, 0x00000000fb180000, 0x0000000100000000)
  eden space 165376K, 0% used [0x00000000e0100000,0x00000000e0100000,0x00000000ea280000)
  from space 1024K, 21% used [0x00000000faf80000,0x00000000fafb8000,0x00000000fb080000)
  to   space 1024K, 0% used [0x00000000fb080000,0x00000000fb080000,0x00000000fb180000)
 ParOldGen       total 65024K, used 45318K [0x00000000a0400000, 0x00000000a4380000, 0x00000000e0100000)
  object space 65024K, 69% used [0x00000000a0400000,0x00000000a3041920,0x00000000a4380000)
 PSPermGen       total 21504K, used 9613K [0x000000009b200000, 0x000000009c700000, 0x00000000a0400000)
  object space 21504K, 44% used [0x000000009b200000,0x000000009bb63440,0x000000009c700000)
}
Event: 213.006 GC heap before
{Heap before GC invocations=354 (full 0):
 PSYoungGen      total 166400K, used 165600K [0x00000000e0100000, 0x00000000fb180000, 0x0000000100000000)
  eden space 165376K, 100% used [0x00000000e0100000,0x00000000ea280000,0x00000000ea280000)
  from space 1024K, 21% used [0x00000000faf80000,0x00000000fafb8000,0x00000000fb080000)
  to   space 1024K, 0% used [0x00000000fb080000,0x00000000fb080000,0x00000000fb180000)
 ParOldGen       total 65024K, used 45318K [0x00000000a0400000, 0x00000000a4380000, 0x00000000e0100000)
  object space 65024K, 69% used [0x00000000a0400000,0x00000000a3041920,0x00000000a4380000)
 PSPermGen       total 21504K, used 9657K [0x000000009b200000, 0x000000009c700000, 0x00000000a0400000)
  object space 21504K, 44% used [0x000000009b200000,0x000000009bb6e580,0x000000009c700000)

